c:\users\mohammad\desktop\orabi\gps_acquisition\gps_acquisition\x64\release\gps_acquisition.pch
c:\users\mohammad\desktop\orabi\gps_acquisition\gps_acquisition\x64\release\vc141.pdb
c:\users\mohammad\desktop\orabi\gps_acquisition\gps_acquisition\x64\release\channel.obj
c:\users\mohammad\desktop\orabi\gps_acquisition\gps_acquisition\x64\release\filereader.obj
c:\users\mohammad\desktop\orabi\gps_acquisition\gps_acquisition\x64\release\gps_utils.obj
c:\users\mohammad\desktop\orabi\gps_acquisition\gps_acquisition\x64\release\main.obj
c:\users\mohammad\desktop\orabi\gps_acquisition\gps_acquisition\x64\release\stdafx.obj
c:\users\mohammad\desktop\orabi\gps_acquisition\gps_acquisition\x64\release\parameters.obj
c:\users\mohammad\desktop\orabi\gps_acquisition\gps_acquisition\x64\release\navsol.obj
c:\users\mohammad\desktop\orabi\gps_acquisition\x64\release\gps_acquisition.ipdb
c:\users\mohammad\desktop\orabi\gps_acquisition\x64\release\gps_acquisition.iobj
c:\users\mohammad\desktop\orabi\gps_acquisition\x64\release\gps_acquisition.exe
c:\users\mohammad\desktop\orabi\gps_acquisition\x64\release\gps_acquisition.pdb
c:\users\mohammad\desktop\orabi\gps_acquisition\gps_acquisition\x64\release\gps_acquisition.tlog\cl.command.1.tlog
c:\users\mohammad\desktop\orabi\gps_acquisition\gps_acquisition\x64\release\gps_acquisition.tlog\cl.read.1.tlog
c:\users\mohammad\desktop\orabi\gps_acquisition\gps_acquisition\x64\release\gps_acquisition.tlog\cl.write.1.tlog
c:\users\mohammad\desktop\orabi\gps_acquisition\gps_acquisition\x64\release\gps_acquisition.tlog\gps_acquisition.write.1u.tlog
c:\users\mohammad\desktop\orabi\gps_acquisition\gps_acquisition\x64\release\gps_acquisition.tlog\link.command.1.tlog
c:\users\mohammad\desktop\orabi\gps_acquisition\gps_acquisition\x64\release\gps_acquisition.tlog\link.read.1.tlog
c:\users\mohammad\desktop\orabi\gps_acquisition\gps_acquisition\x64\release\gps_acquisition.tlog\link.write.1.tlog
