  Channel.cpp
  class template optional is only available with C++17 or later.
C:\Users\moham\OneDrive\سطح المكتب\Orabi\GPS_Acquisition\GPS_Acquisition\Channel.h(66,60): warning C4244:  'argument': conversion from 'const fp_precision' to 'const int', possible loss of data
C:\Users\moham\OneDrive\سطح المكتب\Orabi\GPS_Acquisition\GPS_Acquisition\Channel.cpp(33,62): warning C4244:  'argument': conversion from 'const fp_precision' to 'const int', possible loss of data
C:\Users\moham\OneDrive\سطح المكتب\Orabi\GPS_Acquisition\GPS_Acquisition\Channel.cpp(41,27): warning C4244:  '=': conversion from 'double' to 'int', possible loss of data
C:\Users\moham\OneDrive\سطح المكتب\Orabi\GPS_Acquisition\GPS_Acquisition\Channel.cpp(140,52): warning C4244:  'argument': conversion from 'double' to 'int', possible loss of data
C:\Users\moham\OneDrive\سطح المكتب\Orabi\GPS_Acquisition\GPS_Acquisition\Channel.cpp(195,52): warning C4244:  'argument': conversion from 'double' to 'int', possible loss of data
C:\Users\moham\OneDrive\سطح المكتب\Orabi\GPS_Acquisition\GPS_Acquisition\Channel.cpp(201,52): warning C4244:  'argument': conversion from 'double' to 'int', possible loss of data
C:\Users\moham\OneDrive\سطح المكتب\Orabi\GPS_Acquisition\GPS_Acquisition\Channel.cpp(291,15): warning C4244:  'initializing': conversion from 'double' to 'int', possible loss of data
C:\Users\moham\OneDrive\سطح المكتب\Orabi\GPS_Acquisition\GPS_Acquisition\Channel.cpp(394,21): warning C4267:  'return': conversion from 'size_t' to 'int', possible loss of data
C:\Users\moham\OneDrive\سطح المكتب\Orabi\GPS_Acquisition\GPS_Acquisition\Channel.cpp(431,53): warning C4267:  '=': conversion from 'size_t' to 'int', possible loss of data
C:\Users\moham\OneDrive\سطح المكتب\Orabi\GPS_Acquisition\GPS_Acquisition\Channel.cpp(513,43): warning C4244:  '=': conversion from 'double' to 'int', possible loss of data
C:\Users\moham\OneDrive\سطح المكتب\Orabi\GPS_Acquisition\GPS_Acquisition\Channel.cpp(534,9): warning C4244:  '=': conversion from 'fp_precision' to 'int', possible loss of data
C:\Users\moham\OneDrive\سطح المكتب\Orabi\GPS_Acquisition\GPS_Acquisition\Channel.cpp(542,35): warning C4244:  '+=': conversion from 'double' to 'int', possible loss of data
C:\Users\moham\OneDrive\سطح المكتب\Orabi\GPS_Acquisition\GPS_Acquisition\Channel.cpp(555,25): warning C4244:  '=': conversion from 'double' to 'int', possible loss of data
C:\Users\moham\OneDrive\سطح المكتب\Orabi\GPS_Acquisition\GPS_Acquisition\Channel.cpp(732,49): warning C4267:  '=': conversion from 'size_t' to 'int', possible loss of data
C:\Users\moham\OneDrive\سطح المكتب\Orabi\GPS_Acquisition\GPS_Acquisition\Channel.cpp(846,75): warning C4267:  '=': conversion from 'size_t' to 'int', possible loss of data
C:\Users\moham\OneDrive\سطح المكتب\Orabi\GPS_Acquisition\GPS_Acquisition\Channel.cpp(868,14): warning C4244:  'initializing': conversion from 'Eigen::EigenBase<Derived>::Index' to 'int', possible loss of data
C:\Users\moham\OneDrive\سطح المكتب\Orabi\GPS_Acquisition\GPS_Acquisition\Channel.cpp(868,14): warning C4244:         with
C:\Users\moham\OneDrive\سطح المكتب\Orabi\GPS_Acquisition\GPS_Acquisition\Channel.cpp(868,14): warning C4244:         [
C:\Users\moham\OneDrive\سطح المكتب\Orabi\GPS_Acquisition\GPS_Acquisition\Channel.cpp(868,14): warning C4244:             Derived=Eigen::Array<std::complex<double>,-1,1,0,-1,1>
C:\Users\moham\OneDrive\سطح المكتب\Orabi\GPS_Acquisition\GPS_Acquisition\Channel.cpp(868,14): warning C4244:         ]
C:\Users\moham\OneDrive\سطح المكتب\Orabi\GPS_Acquisition\GPS_Acquisition\Channel.cpp(872,81): warning C4244:  'argument': conversion from 'Eigen::EigenBase<Derived>::Index' to 'double', possible loss of data
C:\Users\moham\OneDrive\سطح المكتب\Orabi\GPS_Acquisition\GPS_Acquisition\Channel.cpp(872,81): warning C4244:         with
C:\Users\moham\OneDrive\سطح المكتب\Orabi\GPS_Acquisition\GPS_Acquisition\Channel.cpp(872,81): warning C4244:         [
C:\Users\moham\OneDrive\سطح المكتب\Orabi\GPS_Acquisition\GPS_Acquisition\Channel.cpp(872,81): warning C4244:             Derived=Eigen::Array<std::complex<double>,-1,1,0,-1,1>
C:\Users\moham\OneDrive\سطح المكتب\Orabi\GPS_Acquisition\GPS_Acquisition\Channel.cpp(872,81): warning C4244:         ]
C:\Users\moham\OneDrive\سطح المكتب\Orabi\GPS_Acquisition\GPS_Acquisition\Channel.cpp(983,29): warning C4244:  '=': conversion from 'double' to 'int', possible loss of data
  Generating code
  1 of 5097 functions (<0.1%) were compiled, the rest were copied from previous compilation.
    0 functions were new in current compilation
    36 functions had inline decision re-evaluated but remain unchanged
  Finished generating code
  GPS_Acquisition.vcxproj -> C:\Users\moham\OneDrive\سطح المكتب\Orabi\GPS_Acquisition\x64\Release\GPS_Acquisition.exe
